<?xml version="1.0" encoding="UTF-8"?>
<!-- Generated by org.testng.reporters.JUnitXMLReporter -->
<testsuite ignored="0" hostname="JD" failures="0" tests="1" name="IETestCases" time="0.058" errors="0" timestamp="2021-02-26T21:47:53 IST">
  <testcase classname="concepts_selenium.Topic_TestNG_MultipleBrowser" name="@BeforeTest setup" time="0.033">
    <failure type="java.lang.IllegalStateException" message="The driver executable must exist: D:\Study\Selenium\SeleniumAutomationWorkspace\SeleniumAutomationFramework\drivers\iedriver\IEdriver.exe">
      <![CDATA[java.lang.IllegalStateException: The driver executable must exist: D:\Study\Selenium\SeleniumAutomationWorkspace\SeleniumAutomationFramework\drivers\iedriver\IEdriver.exe
at org.openqa.selenium.internal.Require$FileStateChecker.isFile(Require.java:289)
at org.openqa.selenium.remote.service.DriverService.checkExecutable(DriverService.java:154)
at org.openqa.selenium.remote.service.DriverService.findExecutable(DriverService.java:149)
at org.openqa.selenium.ie.InternetExplorerDriverService.access$000(InternetExplorerDriverService.java:39)
at org.openqa.selenium.ie.InternetExplorerDriverService$Builder.findDefaultExecutable(InternetExplorerDriverService.java:171)
at org.openqa.selenium.remote.service.DriverService$Builder.build(DriverService.java:405)
at org.openqa.selenium.ie.InternetExplorerDriver.setupService(InternetExplorerDriver.java:245)
at org.openqa.selenium.ie.InternetExplorerDriver.<init>(InternetExplorerDriver.java:176)
at org.openqa.selenium.ie.InternetExplorerDriver.<init>(InternetExplorerDriver.java:142)
at concepts_selenium.Topic_TestNG_MultipleBrowser.setup(Topic_TestNG_MultipleBrowser.java:48)
... Removed 24 stack frames]]>
    </failure>
  </testcase> <!-- @BeforeTest setup -->
  <testcase classname="concepts_selenium.Topic_TestNG_MultipleBrowser" name="@AfterTest teardown" time="-1.614356273635E9">
    <skipped/>
  </testcase> <!-- @AfterTest teardown -->
  <testcase classname="concepts_selenium.Topic_TestNG_MultipleBrowser" name="maintest" time="0.0">
    <skipped/>
  </testcase> <!-- maintest -->
</testsuite> <!-- IETestCases -->
