<?xml version="1.0" encoding="UTF-8"?>
<!-- Generated by org.testng.reporters.JUnitXMLReporter -->
<testsuite ignored="3" hostname="JD" failures="0" tests="4" name="Test1" time="0.081" errors="0" timestamp="2021-01-12T01:40:43 IST">
  <testcase classname="tests.TC14_TestNGGroupingDemo" name="testFive" time="0.011"/>
  <testcase classname="tests.TC14_TestNGGroupingDemo" name="testOne" time="0.001"/>
  <testcase classname="tests.TC14_TestNGGroupingDemo" name="testSix" time="0.001"/>
  <testcase classname="tests.TC14_TestNGGroupingDemo" name="testTwo" time="0.002"/>
  <testcase classname="tests.TC14_TestNGGroupingDemo" name="testThree" time="0.0">
    <ignored/>
  </testcase> <!-- testThree -->
  <testcase classname="tests.TC14_TestNGGroupingDemo" name="testFour" time="0.0">
    <ignored/>
  </testcase> <!-- testFour -->
  <testcase classname="tests.TC14_TestNGGroupingDemo" name="testSeven" time="0.0">
    <ignored/>
  </testcase> <!-- testSeven -->
</testsuite> <!-- Test1 -->
