<?xml version="1.0" encoding="UTF-8"?>
<testng-results ignored="0" total="1" passed="1" failed="0" skipped="0">
  <reporter-output>
    <line>
      <![CDATA[======= Browser Session Started =======]]>
    </line>
    <line>
      <![CDATA[======= Browser Session Ended =======]]>
    </line>
  </reporter-output>
  <suite started-at="2022-07-18T21:05:51 IST" name="Default suite" finished-at="2022-07-18T21:06:04 IST" duration-ms="12984">
    <groups>
    </groups>
    <test started-at="2022-07-18T21:05:51 IST" name="Default test" finished-at="2022-07-18T21:06:04 IST" duration-ms="12984">
      <class name="Selenium.baseClass.BaseClassDemo">
        <test-method is-config="true" signature="setupApplication()[pri:0, instance:Selenium.baseClass.BaseClassDemo@dc7df28]" started-at="2022-07-18T21:05:51 IST" name="setupApplication" finished-at="2022-07-18T21:05:59 IST" duration-ms="7545" status="PASS">
          <reporter-output>
            <line>
              <![CDATA[======= Browser Session Started =======]]>
            </line>
          </reporter-output>
        </test-method> <!-- setupApplication -->
        <test-method signature="loginOrangeHRM()[pri:0, instance:Selenium.baseClass.BaseClassDemo@dc7df28]" started-at="2022-07-18T21:05:59 IST" name="loginOrangeHRM" finished-at="2022-07-18T21:06:04 IST" duration-ms="5118" status="PASS">
          <reporter-output>
          </reporter-output>
        </test-method> <!-- loginOrangeHRM -->
        <test-method is-config="true" signature="closeApplication()[pri:0, instance:Selenium.baseClass.BaseClassDemo@dc7df28]" started-at="2022-07-18T21:06:04 IST" name="closeApplication" finished-at="2022-07-18T21:06:04 IST" duration-ms="255" status="PASS">
          <reporter-output>
            <line>
              <![CDATA[======= Browser Session Ended =======]]>
            </line>
          </reporter-output>
        </test-method> <!-- closeApplication -->
      </class> <!-- Selenium.baseClass.BaseClassDemo -->
    </test> <!-- Default test -->
  </suite> <!-- Default suite -->
</testng-results>
